6448783   12 -rw-r--r--   1 s2       s2           8808 Jan 27 14:21 /www/s2/www/ru/bbs/visit_insert.inc.php
6525416  160 -rw-r--r--   1 s2       s2         161449 Jan 27 10:51 /www/s2/www/ru/lib/shop.lib.php
1840972   12 -rw-r--r--   1 s2       s2          10817 Jan 27 14:18 /www/s2/www/bbs/visit_insert.inc.php
1868970   28 -rw-rw-r--   1 s2       s2          27760 Jan 27 16:14 /www/s2/www/adm/shop_admin/tryme_winning_list.php
2103011   12 -rw-r--r--   1 s2       s2           9293 Jan 27 14:20 /www/s2/www/jp/bbs/visit_insert.inc.php
2155220   24 -rw-r--r--   1 s2       s2          22705 Jan 27 11:44 /www/s2/www/jp/mobile/shop/food/main.php
1451765   96 -rw-r--r--   1 s2       s2          96353 Jan 27 11:56 /www/s2/www/jp/mobile/shop/index.php
1499801   28 -rw-rw-r--   1 s2       s2          26871 Jan 26 16:56 /www/s2/www/jp/mobile/shop/tryme.php
1971550   12 -rw-r--r--   1 s2       s2           9208 Jan 27 11:39 /www/s2/www/jp/mobile/skin/shop/basic/list.20.skin_index_sub_ljh.php
1971549   80 -rw-r--r--   1 s2       s2          81027 Jan 27 11:37 /www/s2/www/jp/mobile/skin/shop/basic/item.form.skin.php
2142388   20 -rw-rw-r--   1 s2       s2          17972 Jan 26 17:13 /www/s2/www/jp/adm/shop_admin/tryme_mode_config.php
2142389    8 -rw-rw-r--   1 s2       s2           6766 Jan 26 17:12 /www/s2/www/jp/adm/shop_admin/tryme_mode_config_update.php
1578228  144 -rw-r--r--   1 s2       s2         145842 Jan 27 11:02 /www/s2/www/jp/lib/shop.lib.php
1443155   16 -rw-r--r--   1 s2       s2          14604 Jan 27 11:21 /www/s2/www/jp/shop/item.php
1443151   60 -rw-r--r--   1 s2       s2          56678 Jan 27 11:25 /www/s2/www/jp/shop/index.php
1504125   32 -rw-rw-r--   1 s2       s2          29028 Jan 26 16:40 /www/s2/www/jp/shop/tryme.php
1443454   12 -rw-r--r--   1 s2       s2           9153 Jan 27 11:35 /www/s2/www/jp/shop/itemuseformupdate.php
1451057    8 -rw-r--r--   1 s2       s2           6767 Jan 27 11:35 /www/s2/www/jp/skin/shop/basic/list.search.skin.php
1472251   16 -rw-rw-r--   1 s2       s2          13729 Jan 27 11:33 /www/s2/www/jp/skin/shop/basic/list.20.listtype4_sub.php
1451115   12 -rw-rw-r--   1 s2       s2           9084 Jan 27 11:34 /www/s2/www/jp/skin/shop/basic/list.30.skin_index_sub_ljh.php
1451044   12 -rw-r--r--   1 s2       s2           9420 Jan 27 11:31 /www/s2/www/jp/skin/shop/basic/list.10.skin_index_sub_ljh.php
1451028    8 -rw-r--r--   1 s2       s2           6673 Jan 27 11:31 /www/s2/www/jp/skin/shop/basic/list.10.listtype4.php
